<?xml version="1.0" encoding="UTF-8"?>
<!-- Generated by org.testng.reporters.JUnitReportReporter -->
<testsuite skipped="0" hostname="VAIO" name="TestCases.API2" tests="1" failures="0" timestamp="13 Nov 2020 12:06:17 GMT" time="4.827" errors="0">
  <testcase name="createAPI" time="4.827" classname="TestCases.API2"/>
</testsuite> <!-- TestCases.API2 -->
