<?xml version="1.0" encoding="UTF-8"?>
<!-- Generated by org.testng.reporters.JUnitReportReporter -->
<testsuite skipped="0" hostname="VAIO" name="TestCases.APITest2" tests="1" failures="0" timestamp="21 Oct 2021 08:01:19 GMT" time="3.154" errors="0">
  <testcase name="getRequest" time="3.154" classname="TestCases.APITest2"/>
</testsuite> <!-- TestCases.APITest2 -->
